<?xml version="1.0" encoding="UTF-8"?>
<beans xmlns:xsi="http://www.w3.org/2001/XMLSchema-instance"
    xmlns:p="http://www.springframework.org/schema/p"
    xmlns:context="http://www.springframework.org/schema/context"
    xmlns:mvc="http://www.springframework.org/schema/mvc"
    xmlns="http://www.springframework.org/schema/beans"
    xsi:schemaLocation="http://www.springframework.org/schema/beans 
                           http://www.springframework.org/schema/beans/spring-beans-3.1.xsd
                           http://www.springframework.org/schema/context 
                           http://www.springframework.org/schema/context/spring-context-3.1.xsd
                           http://www.springframework.org/schema/mvc
                           http://www.springframework.org/schema/mvc/spring-mvc-3.1.xsd" >

    <!-- 启用自动扫描 -->

    <mvc:annotation-driven />
    <context:annotation-config />
    <context:component-scan base-package="com.laughing2b.html**" />
    <import resource="env-config.xml" />

    <bean class="org.springframework.web.servlet.view.InternalResourceViewResolver" >
        <property name="viewClass" value="org.springframework.web.servlet.view.JstlView" />
		<property name="prefix" value="/WEB-INF/pages/"/>
        <property name="suffix" value=".jsp" />
    </bean>
</beans>